2017-02-27 13:08:18,450 [Worker-29] INFO  o.e.m.c.i.l.LifecycleMappingFactory - Using org.eclipse.m2e.jdt.JarLifecycleMapping lifecycle mapping for MavenProject: com.enedis.presentation.ui:presentation:0.0.1-SNAPSHOT @ /Users/davidguimard/DOCCONSULTING/ENEDIS_MICROSERVICE/part3/tpKubernetes/ui/pom.xml.
2017-02-27 13:08:19,309 [Worker-29] INFO  o.e.m.c.i.e.AbstractTransferListenerAdapter - Downloading https://repo.maven.apache.org/maven2/org/springframework/boot/spring-boot-starter-data-rest/1.5.1.RELEASE/spring-boot-starter-data-rest-1.5.1.RELEASE.pom
2017-02-27 13:08:19,383 [Worker-29] INFO  o.e.m.c.i.e.AbstractTransferListenerAdapter - Downloaded https://repo.maven.apache.org/maven2/org/springframework/boot/spring-boot-starter-data-rest/1.5.1.RELEASE/spring-boot-starter-data-rest-1.5.1.RELEASE.pom
2017-02-27 13:08:19,578 [Worker-29] INFO  o.e.m.c.i.e.AbstractTransferListenerAdapter - Downloading https://repo.maven.apache.org/maven2/org/springframework/data/spring-data-rest-webmvc/2.6.0.RELEASE/spring-data-rest-webmvc-2.6.0.RELEASE.pom
2017-02-27 13:08:19,643 [Worker-29] INFO  o.e.m.c.i.e.AbstractTransferListenerAdapter - Downloaded https://repo.maven.apache.org/maven2/org/springframework/data/spring-data-rest-webmvc/2.6.0.RELEASE/spring-data-rest-webmvc-2.6.0.RELEASE.pom
2017-02-27 13:08:19,702 [Worker-29] INFO  o.e.m.c.i.e.AbstractTransferListenerAdapter - Downloading https://repo.maven.apache.org/maven2/org/springframework/data/spring-data-rest-parent/2.6.0.RELEASE/spring-data-rest-parent-2.6.0.RELEASE.pom
2017-02-27 13:08:19,762 [Worker-29] INFO  o.e.m.c.i.e.AbstractTransferListenerAdapter - Downloaded https://repo.maven.apache.org/maven2/org/springframework/data/spring-data-rest-parent/2.6.0.RELEASE/spring-data-rest-parent-2.6.0.RELEASE.pom
2017-02-27 13:08:19,822 [Worker-29] INFO  o.e.m.c.i.e.AbstractTransferListenerAdapter - Downloading https://repo.maven.apache.org/maven2/org/springframework/data/spring-data-rest-core/2.6.0.RELEASE/spring-data-rest-core-2.6.0.RELEASE.pom
2017-02-27 13:08:19,886 [Worker-29] INFO  o.e.m.c.i.e.AbstractTransferListenerAdapter - Downloaded https://repo.maven.apache.org/maven2/org/springframework/data/spring-data-rest-core/2.6.0.RELEASE/spring-data-rest-core-2.6.0.RELEASE.pom
2017-02-27 13:08:19,959 [Worker-29] INFO  o.e.m.c.i.e.AbstractTransferListenerAdapter - Downloading https://repo.maven.apache.org/maven2/org/springframework/hateoas/spring-hateoas/0.23.0.RELEASE/spring-hateoas-0.23.0.RELEASE.pom
2017-02-27 13:08:20,069 [Worker-29] INFO  o.e.m.c.i.e.AbstractTransferListenerAdapter - Downloaded https://repo.maven.apache.org/maven2/org/springframework/hateoas/spring-hateoas/0.23.0.RELEASE/spring-hateoas-0.23.0.RELEASE.pom
2017-02-27 13:08:20,210 [Worker-29] INFO  o.e.m.c.i.e.AbstractTransferListenerAdapter - Downloading https://repo.maven.apache.org/maven2/org/springframework/boot/spring-boot-starter-data-rest/1.5.1.RELEASE/spring-boot-starter-data-rest-1.5.1.RELEASE.jar
2017-02-27 13:08:20,281 [Worker-29] INFO  o.e.m.c.i.e.AbstractTransferListenerAdapter - Downloaded https://repo.maven.apache.org/maven2/org/springframework/boot/spring-boot-starter-data-rest/1.5.1.RELEASE/spring-boot-starter-data-rest-1.5.1.RELEASE.jar
2017-02-27 13:08:20,344 [Worker-29] INFO  o.e.m.c.i.e.AbstractTransferListenerAdapter - Downloading https://repo.maven.apache.org/maven2/org/springframework/data/spring-data-rest-webmvc/2.6.0.RELEASE/spring-data-rest-webmvc-2.6.0.RELEASE.jar
2017-02-27 13:08:21,090 [Worker-29] INFO  o.e.m.c.i.e.AbstractTransferListenerAdapter - Downloaded https://repo.maven.apache.org/maven2/org/springframework/data/spring-data-rest-webmvc/2.6.0.RELEASE/spring-data-rest-webmvc-2.6.0.RELEASE.jar
2017-02-27 13:08:21,163 [Worker-29] INFO  o.e.m.c.i.e.AbstractTransferListenerAdapter - Downloading https://repo.maven.apache.org/maven2/org/springframework/data/spring-data-rest-core/2.6.0.RELEASE/spring-data-rest-core-2.6.0.RELEASE.jar
2017-02-27 13:08:21,426 [Worker-29] INFO  o.e.m.c.i.e.AbstractTransferListenerAdapter - Downloaded https://repo.maven.apache.org/maven2/org/springframework/data/spring-data-rest-core/2.6.0.RELEASE/spring-data-rest-core-2.6.0.RELEASE.jar
2017-02-27 13:08:21,485 [Worker-29] INFO  o.e.m.c.i.e.AbstractTransferListenerAdapter - Downloading https://repo.maven.apache.org/maven2/org/springframework/hateoas/spring-hateoas/0.23.0.RELEASE/spring-hateoas-0.23.0.RELEASE.jar
2017-02-27 13:08:21,992 [Worker-29] INFO  o.e.m.c.i.e.AbstractTransferListenerAdapter - Downloaded https://repo.maven.apache.org/maven2/org/springframework/hateoas/spring-hateoas/0.23.0.RELEASE/spring-hateoas-0.23.0.RELEASE.jar
2017-02-27 13:08:22,567 [Worker-29] INFO  o.e.m.j.i.AbstractJavaProjectConfigurator - Adding source folder /ui/src/main/java
2017-02-27 13:08:22,568 [Worker-29] INFO  o.e.m.j.i.AbstractJavaProjectConfigurator - Adding resource folder /ui/src/main/resources
2017-02-27 13:08:22,570 [Worker-29] INFO  o.e.m.j.i.AbstractJavaProjectConfigurator - Adding resource folder /ui/src/main/resources
2017-02-27 13:08:22,574 [Worker-29] INFO  o.e.m.j.i.AbstractJavaProjectConfigurator - Adding source folder /ui/src/test/java
2017-02-27 13:08:23,125 [Worker-29] INFO  o.e.m.c.i.p.ProjectConfigurationManager - Imported and configured 1 project(s) in 5 sec
2017-02-27 13:08:23,127 [Worker-29] INFO  o.e.m.c.i.p.ProjectConfigurationManager - Update started
2017-02-27 13:08:23,364 [Worker-29] INFO  o.e.m.c.i.l.LifecycleMappingFactory - Using org.eclipse.m2e.jdt.JarLifecycleMapping lifecycle mapping for MavenProject: com.enedis.presentation.ui:presentation:0.0.1-SNAPSHOT @ /Users/davidguimard/DOCCONSULTING/ENEDIS_MICROSERVICE/part3/tpKubernetes/ui/pom.xml.
2017-02-27 13:08:23,565 [Worker-29] INFO  o.e.m.j.i.AbstractJavaProjectConfigurator - Adding source folder /ui/src/main/java
2017-02-27 13:08:23,565 [Worker-29] INFO  o.e.m.j.i.AbstractJavaProjectConfigurator - Adding resource folder /ui/src/main/resources
2017-02-27 13:08:23,566 [Worker-29] INFO  o.e.m.j.i.AbstractJavaProjectConfigurator - Adding resource folder /ui/src/main/resources
2017-02-27 13:08:23,566 [Worker-29] INFO  o.e.m.j.i.AbstractJavaProjectConfigurator - Adding source folder /ui/src/test/java
2017-02-27 13:08:23,705 [Worker-29] INFO  o.e.m.c.i.p.ProjectConfigurationManager - Update completed: 0 sec
2017-02-27 13:08:24,351 [Worker-35] INFO  o.e.m.c.i.embedder.EclipseLogger - Using 'UTF-8' encoding to copy filtered resources.
2017-02-27 13:08:24,355 [Worker-35] INFO  o.e.m.c.i.embedder.EclipseLogger - Copying 1 resource
2017-02-27 13:08:24,364 [Worker-35] INFO  o.e.m.c.i.embedder.EclipseLogger - Copying 0 resource
2017-02-27 13:08:24,366 [Worker-35] INFO  o.e.m.c.i.embedder.EclipseLogger - Using 'UTF-8' encoding to copy filtered resources.
2017-02-27 13:08:24,366 [Worker-35] INFO  o.e.m.c.i.embedder.EclipseLogger - skip non existing resourceDirectory /Users/davidguimard/DOCCONSULTING/ENEDIS_MICROSERVICE/part3/tpKubernetes/ui/src/test/resources
2017-02-27 13:08:25,725 [Worker-35] INFO  o.e.m.c.i.embedder.EclipseLogger - Using 'UTF-8' encoding to copy filtered resources.
2017-02-27 13:08:25,727 [Worker-35] INFO  o.e.m.c.i.embedder.EclipseLogger - Copying 0 resource
2017-02-27 13:08:25,727 [Worker-35] INFO  o.e.m.c.i.embedder.EclipseLogger - Copying 0 resource
2017-02-27 13:08:25,729 [Worker-35] INFO  o.e.m.c.i.embedder.EclipseLogger - Using 'UTF-8' encoding to copy filtered resources.
2017-02-27 13:08:25,729 [Worker-35] INFO  o.e.m.c.i.embedder.EclipseLogger - skip non existing resourceDirectory /Users/davidguimard/DOCCONSULTING/ENEDIS_MICROSERVICE/part3/tpKubernetes/ui/src/test/resources
